<?xml version="1.0" encoding="UTF-8"?>
<robot generator="Robot 3.2.1 (Python 3.8.3 on win32)" generated="20200617 01:28:23.117" rpa="false">
<suite id="s1" name="RegistrartionTest" source="C:\development\robot-scripts\POM\TestCases\RegistrartionTest.robot">
<test id="s1-t1" name="RegistrationTest">
<kw name="Open my Browser" library="RegistrationKeywords">
<arguments>
<arg>${URL}</arg>
<arg>${Browser}</arg>
</arguments>
<kw name="Open Browser" library="SeleniumLibrary">
<doc>Opens a new browser instance to the given ``url``.</doc>
<arguments>
<arg>${URL}</arg>
<arg>${Browser}</arg>
</arguments>
<msg timestamp="20200617 01:28:23.384" level="INFO">Opening browser 'chrome' to base url 'http://newtours.demoaut.com/mercuryregister.php'.</msg>
<status status="PASS" starttime="20200617 01:28:23.383" endtime="20200617 01:28:28.036"></status>
</kw>
<kw name="Maximize Browser Window" library="SeleniumLibrary">
<doc>Maximizes current browser window.</doc>
<status status="PASS" starttime="20200617 01:28:28.037" endtime="20200617 01:28:30.174"></status>
</kw>
<status status="PASS" starttime="20200617 01:28:23.383" endtime="20200617 01:28:30.174"></status>
</kw>
<kw name="Click Register Link" library="RegistrationKeywords">
<kw name="Click Link" library="SeleniumLibrary">
<doc>Clicks a link identified by ``locator``.</doc>
<arguments>
<arg>${link_Reg}</arg>
</arguments>
<msg timestamp="20200617 01:28:30.176" level="INFO">Clicking link 'link:REGISTER'.</msg>
<status status="PASS" starttime="20200617 01:28:30.175" endtime="20200617 01:28:31.307"></status>
</kw>
<status status="PASS" starttime="20200617 01:28:30.175" endtime="20200617 01:28:31.308"></status>
</kw>
<kw name="Enter FirstName" library="RegistrationKeywords">
<arguments>
<arg>Roger</arg>
</arguments>
<kw name="Input Text" library="SeleniumLibrary">
<doc>Types the given ``text`` into text field identified by ``locator``.</doc>
<arguments>
<arg>${txt_firstName}</arg>
<arg>${firstName}</arg>
</arguments>
<msg timestamp="20200617 01:28:31.312" level="INFO">Typing text 'Roger' into text field 'name:firstName'.</msg>
<status status="PASS" starttime="20200617 01:28:31.311" endtime="20200617 01:28:31.563"></status>
</kw>
<status status="PASS" starttime="20200617 01:28:31.309" endtime="20200617 01:28:31.563"></status>
</kw>
<kw name="Enter LastName" library="RegistrationKeywords">
<arguments>
<arg>Smith</arg>
</arguments>
<kw name="Input Text" library="SeleniumLibrary">
<doc>Types the given ``text`` into text field identified by ``locator``.</doc>
<arguments>
<arg>${txt_lastName}</arg>
<arg>${lastName}</arg>
</arguments>
<msg timestamp="20200617 01:28:31.565" level="INFO">Typing text 'Smith' into text field 'name:lastName'.</msg>
<status status="PASS" starttime="20200617 01:28:31.564" endtime="20200617 01:28:31.713"></status>
</kw>
<status status="PASS" starttime="20200617 01:28:31.563" endtime="20200617 01:28:31.714"></status>
</kw>
<kw name="Enter Phone" library="RegistrationKeywords">
<arguments>
<arg>1234567890</arg>
</arguments>
<kw name="Input Text" library="SeleniumLibrary">
<doc>Types the given ``text`` into text field identified by ``locator``.</doc>
<arguments>
<arg>${txt_phone}</arg>
<arg>${phone}</arg>
</arguments>
<msg timestamp="20200617 01:28:31.715" level="INFO">Typing text '1234567890' into text field 'name:phone'.</msg>
<status status="PASS" starttime="20200617 01:28:31.715" endtime="20200617 01:28:31.941"></status>
</kw>
<status status="PASS" starttime="20200617 01:28:31.714" endtime="20200617 01:28:31.942"></status>
</kw>
<kw name="Enter Email" library="RegistrationKeywords">
<arguments>
<arg>rogersmith@gmail.com</arg>
</arguments>
<kw name="Input Text" library="SeleniumLibrary">
<doc>Types the given ``text`` into text field identified by ``locator``.</doc>
<arguments>
<arg>${txt_email}</arg>
<arg>${email}</arg>
</arguments>
<msg timestamp="20200617 01:28:31.945" level="INFO">Typing text 'rogersmith@gmail.com' into text field 'name:email'.</msg>
<status status="PASS" starttime="20200617 01:28:31.944" endtime="20200617 01:28:32.326"></status>
</kw>
<status status="PASS" starttime="20200617 01:28:31.943" endtime="20200617 01:28:32.327"></status>
</kw>
<kw name="Enter Address1" library="RegistrationKeywords">
<arguments>
<arg>ORR</arg>
</arguments>
<kw name="Input Text" library="SeleniumLibrary">
<doc>Types the given ``text`` into text field identified by ``locator``.</doc>
<arguments>
<arg>${txt_address1}</arg>
<arg>${address1}</arg>
</arguments>
<msg timestamp="20200617 01:28:32.329" level="INFO">Typing text 'ORR' into text field 'name:address1'.</msg>
<status status="PASS" starttime="20200617 01:28:32.328" endtime="20200617 01:28:32.539"></status>
</kw>
<status status="PASS" starttime="20200617 01:28:32.327" endtime="20200617 01:28:32.539"></status>
</kw>
<kw name="Enter Address2" library="RegistrationKeywords">
<arguments>
<arg>BTM</arg>
</arguments>
<kw name="Input Text" library="SeleniumLibrary">
<doc>Types the given ``text`` into text field identified by ``locator``.</doc>
<arguments>
<arg>${txt_address2}</arg>
<arg>${address2}</arg>
</arguments>
<msg timestamp="20200617 01:28:32.542" level="INFO">Typing text 'BTM' into text field 'name:address2'.</msg>
<status status="PASS" starttime="20200617 01:28:32.541" endtime="20200617 01:28:32.749"></status>
</kw>
<status status="PASS" starttime="20200617 01:28:32.540" endtime="20200617 01:28:32.750"></status>
</kw>
<kw name="Enter City" library="RegistrationKeywords">
<arguments>
<arg>Bangalore</arg>
</arguments>
<kw name="Input Text" library="SeleniumLibrary">
<doc>Types the given ``text`` into text field identified by ``locator``.</doc>
<arguments>
<arg>${txt_city}</arg>
<arg>${city}</arg>
</arguments>
<msg timestamp="20200617 01:28:32.752" level="INFO">Typing text 'Bangalore' into text field 'name:city'.</msg>
<status status="PASS" starttime="20200617 01:28:32.752" endtime="20200617 01:28:32.958"></status>
</kw>
<status status="PASS" starttime="20200617 01:28:32.751" endtime="20200617 01:28:32.958"></status>
</kw>
<kw name="Enter State" library="RegistrationKeywords">
<arguments>
<arg>Karnataka</arg>
</arguments>
<kw name="Input Text" library="SeleniumLibrary">
<doc>Types the given ``text`` into text field identified by ``locator``.</doc>
<arguments>
<arg>${txt_state}</arg>
<arg>${state}</arg>
</arguments>
<msg timestamp="20200617 01:28:32.961" level="INFO">Typing text 'Karnataka' into text field 'name:state'.</msg>
<status status="PASS" starttime="20200617 01:28:32.960" endtime="20200617 01:28:33.182"></status>
</kw>
<status status="PASS" starttime="20200617 01:28:32.959" endtime="20200617 01:28:33.182"></status>
</kw>
<kw name="Enter Postal" library="RegistrationKeywords">
<arguments>
<arg>569088</arg>
</arguments>
<kw name="Input Text" library="SeleniumLibrary">
<doc>Types the given ``text`` into text field identified by ``locator``.</doc>
<arguments>
<arg>${txt_postalCode}</arg>
<arg>${postal}</arg>
</arguments>
<msg timestamp="20200617 01:28:33.186" level="INFO">Typing text '569088' into text field 'name:postalCode'.</msg>
<status status="PASS" starttime="20200617 01:28:33.186" endtime="20200617 01:28:33.369"></status>
</kw>
<status status="PASS" starttime="20200617 01:28:33.184" endtime="20200617 01:28:33.369"></status>
</kw>
<kw name="Select Country" library="RegistrationKeywords">
<arguments>
<arg>INDIA</arg>
</arguments>
<kw name="Select From List By Label" library="SeleniumLibrary">
<doc>Selects options from selection list ``locator`` by ``labels``.</doc>
<arguments>
<arg>${drp_country}</arg>
<arg>${country}</arg>
</arguments>
<msg timestamp="20200617 01:28:33.370" level="INFO">Selecting options from selection list 'name:country' by label INDIA.</msg>
<status status="PASS" starttime="20200617 01:28:33.370" endtime="20200617 01:28:33.486"></status>
</kw>
<status status="PASS" starttime="20200617 01:28:33.369" endtime="20200617 01:28:33.487"></status>
</kw>
<kw name="Enter UserName" library="RegistrationKeywords">
<arguments>
<arg>roger25</arg>
</arguments>
<kw name="Input Text" library="SeleniumLibrary">
<doc>Types the given ``text`` into text field identified by ``locator``.</doc>
<arguments>
<arg>${txt_userName}</arg>
<arg>${username}</arg>
</arguments>
<msg timestamp="20200617 01:28:33.488" level="INFO">Typing text 'roger25' into text field 'name:userName'.</msg>
<status status="PASS" starttime="20200617 01:28:33.488" endtime="20200617 01:28:33.676"></status>
</kw>
<status status="PASS" starttime="20200617 01:28:33.487" endtime="20200617 01:28:33.677"></status>
</kw>
<kw name="Enter Password" library="RegistrationKeywords">
<arguments>
<arg>roger25</arg>
</arguments>
<kw name="Input Text" library="SeleniumLibrary">
<doc>Types the given ``text`` into text field identified by ``locator``.</doc>
<arguments>
<arg>${txt_password}</arg>
<arg>${password}</arg>
</arguments>
<msg timestamp="20200617 01:28:33.679" level="INFO">Typing text 'roger25' into text field 'name:password'.</msg>
<status status="PASS" starttime="20200617 01:28:33.679" endtime="20200617 01:28:33.855"></status>
</kw>
<status status="PASS" starttime="20200617 01:28:33.678" endtime="20200617 01:28:33.856"></status>
</kw>
<kw name="Enter Confirm Password" library="RegistrationKeywords">
<arguments>
<arg>roger25</arg>
</arguments>
<kw name="Input Text" library="SeleniumLibrary">
<doc>Types the given ``text`` into text field identified by ``locator``.</doc>
<arguments>
<arg>${txt_confirmPassword}</arg>
<arg>${comfirmpassword}</arg>
</arguments>
<msg timestamp="20200617 01:28:33.858" level="INFO">Typing text 'roger25' into text field 'name:confirmPassword'.</msg>
<status status="PASS" starttime="20200617 01:28:33.857" endtime="20200617 01:28:34.035"></status>
</kw>
<status status="PASS" starttime="20200617 01:28:33.856" endtime="20200617 01:28:34.036"></status>
</kw>
<kw name="Click Submit" library="RegistrationKeywords">
<kw name="Click Button" library="SeleniumLibrary">
<doc>Clicks button identified by ``locator``.</doc>
<arguments>
<arg>${btn_submit}</arg>
</arguments>
<msg timestamp="20200617 01:28:34.038" level="INFO">Clicking button 'xpath://*[@name='register']'.</msg>
<status status="PASS" starttime="20200617 01:28:34.037" endtime="20200617 01:28:37.845"></status>
</kw>
<status status="PASS" starttime="20200617 01:28:34.037" endtime="20200617 01:28:37.846"></status>
</kw>
<kw name="Verify Successful Registration" library="RegistrationKeywords">
<kw name="Page Should Contain" library="SeleniumLibrary">
<doc>Verifies that current page contains ``text``.</doc>
<arguments>
<arg>Thank you for registering.</arg>
</arguments>
<msg timestamp="20200617 01:28:37.873" level="INFO">Current page contains text 'Thank you for registering.'.</msg>
<status status="PASS" starttime="20200617 01:28:37.847" endtime="20200617 01:28:37.873"></status>
</kw>
<status status="PASS" starttime="20200617 01:28:37.847" endtime="20200617 01:28:37.873"></status>
</kw>
<kw name="Close Browser" library="RegistrationKeywords">
<kw name="Close All Browsers" library="SeleniumLibrary">
<doc>Closes all open browsers and resets the browser cache.</doc>
<status status="PASS" starttime="20200617 01:28:37.874" endtime="20200617 01:28:40.473"></status>
</kw>
<status status="PASS" starttime="20200617 01:28:37.874" endtime="20200617 01:28:40.474"></status>
</kw>
<status status="PASS" starttime="20200617 01:28:23.382" endtime="20200617 01:28:40.476" critical="yes"></status>
</test>
<status status="PASS" starttime="20200617 01:28:23.119" endtime="20200617 01:28:40.481"></status>
</suite>
<statistics>
<total>
<stat pass="1" fail="0">Critical Tests</stat>
<stat pass="1" fail="0">All Tests</stat>
</total>
<tag>
</tag>
<suite>
<stat pass="1" fail="0" id="s1" name="RegistrartionTest">RegistrartionTest</stat>
</suite>
</statistics>
<errors>
</errors>
</robot>
